2025-06-20 10:17:23,786 - WARNING - Ícone não encontrado: C:\Users\lgrinchpum\Desktop\teste\casa\ferramenta\com ferramenta\icons\stock_general.png
2025-06-20 10:17:23,787 - WARNING - Ícone não encontrado: C:\Users\lgrinchpum\Desktop\teste\casa\ferramenta\com ferramenta\icons\stock_in.png
2025-06-20 10:17:23,787 - WARNING - Ícone não encontrado: C:\Users\lgrinchpum\Desktop\teste\casa\ferramenta\com ferramenta\icons\stock_out.png
2025-06-20 10:17:23,787 - WARNING - Ícone não encontrado: C:\Users\lgrinchpum\Desktop\teste\casa\ferramenta\com ferramenta\icons\item_register.png
2025-06-20 10:17:23,788 - WARNING - Ícone não encontrado: C:\Users\lgrinchpum\Desktop\teste\casa\ferramenta\com ferramenta\icons\deposit_register.png
2025-06-20 10:17:23,788 - WARNING - Ícone não encontrado: C:\Users\lgrinchpum\Desktop\teste\casa\ferramenta\com ferramenta\icons\supplier_register.png
2025-06-20 10:17:23,789 - WARNING - Ícone não encontrado: C:\Users\lgrinchpum\Desktop\teste\casa\ferramenta\com ferramenta\icons\technician_register.png
2025-06-20 10:17:23,789 - WARNING - Ícone não encontrado: C:\Users\lgrinchpum\Desktop\teste\casa\ferramenta\com ferramenta\icons\tool_register.png
2025-06-20 10:17:23,789 - WARNING - Ícone não encontrado: C:\Users\lgrinchpum\Desktop\teste\casa\ferramenta\com ferramenta\icons\tool_loan.png
2025-06-20 10:17:23,789 - WARNING - Ícone não encontrado: C:\Users\lgrinchpum\Desktop\teste\casa\ferramenta\com ferramenta\icons\report_movement.png
2025-06-20 10:17:23,789 - WARNING - Ícone não encontrado: C:\Users\lgrinchpum\Desktop\teste\casa\ferramenta\com ferramenta\icons\report_consumption.png
2025-06-20 10:17:23,789 - WARNING - Ícone não encontrado: C:\Users\lgrinchpum\Desktop\teste\casa\ferramenta\com ferramenta\icons\audit_log.png
2025-06-20 10:17:23,790 - WARNING - Ícone não encontrado: C:\Users\lgrinchpum\Desktop\teste\casa\ferramenta\com ferramenta\icons\exit.png
2025-06-20 10:17:23,902 - INFO - Stylesheet 'style.qss' aplicado com sucesso.
2025-06-20 10:17:23,922 - INFO - Mensagem de status exibida: Sistema de Almoxarifado iniciado.
2025-06-20 10:17:30,684 - INFO - Mensagem de status exibida: Dados de fornecedores carregados.
2025-06-20 10:17:30,686 - INFO - Mensagem de status exibida: Tabela de itens atualizada.
2025-06-20 10:17:30,688 - INFO - Mensagem de status exibida: Formulário pronto para novo cadastro.
2025-06-20 10:17:33,408 - INFO - Fornecedores carregados na tabela.
2025-06-20 10:17:33,408 - INFO - Mensagem de status exibida: Tabela de fornecedores atualizada.
2025-06-20 10:17:33,422 - INFO - Mensagem de status exibida: Formulário de fornecedor limpo.
2025-06-20 10:17:45,770 - INFO - Mensagem de status exibida: Fornecedor cadastrado com sucesso!
2025-06-20 10:17:45,770 - INFO - Fornecedor a cadastrado com sucesso.
2025-06-20 10:17:45,774 - INFO - Fornecedores carregados na tabela.
2025-06-20 10:17:45,775 - INFO - Mensagem de status exibida: Tabela de fornecedores atualizada.
2025-06-20 10:17:45,792 - INFO - Mensagem de status exibida: Formulário de fornecedor limpo.
2025-06-20 10:17:49,094 - INFO - Técnicos carregados na tabela.
2025-06-20 10:17:49,094 - INFO - Mensagem de status exibida: Tabela de técnicos atualizada.
2025-06-20 10:17:49,106 - INFO - Mensagem de status exibida: Formulário de técnico limpo.
2025-06-20 10:17:56,456 - INFO - Mensagem de status exibida: Técnico cadastrado com sucesso!
2025-06-20 10:17:56,457 - INFO - Técnico 'cris' (m3.1) cadastrado com sucesso.
2025-06-20 10:17:56,459 - INFO - Técnicos carregados na tabela.
2025-06-20 10:17:56,460 - INFO - Mensagem de status exibida: Tabela de técnicos atualizada.
2025-06-20 10:17:56,470 - INFO - Mensagem de status exibida: Formulário de técnico limpo.
2025-06-20 10:17:59,965 - INFO - Mensagem de status exibida: Técnico ID 1 selecionado para edição.
2025-06-20 10:18:02,681 - INFO - Mensagem de status exibida: Técnico excluído com sucesso!
2025-06-20 10:18:02,681 - INFO - Técnico ID 1 excluído.
2025-06-20 10:18:02,691 - INFO - Mensagem de status exibida: Formulário de técnico limpo.
2025-06-20 10:18:02,693 - INFO - Técnicos carregados na tabela.
2025-06-20 10:18:02,693 - INFO - Mensagem de status exibida: Tabela de técnicos atualizada.
2025-06-20 10:18:02,703 - INFO - Mensagem de status exibida: Formulário de técnico limpo.
2025-06-20 10:18:11,785 - INFO - Mensagem de status exibida: Técnico cadastrado com sucesso!
2025-06-20 10:18:11,786 - INFO - Técnico 'cris' (m3.1) cadastrado com sucesso.
2025-06-20 10:18:11,788 - INFO - Técnicos carregados na tabela.
2025-06-20 10:18:11,788 - INFO - Mensagem de status exibida: Tabela de técnicos atualizada.
2025-06-20 10:18:11,801 - INFO - Mensagem de status exibida: Formulário de técnico limpo.
2025-06-20 10:18:17,347 - INFO - Depósitos carregados na tabela.
2025-06-20 10:18:17,347 - INFO - Mensagem de status exibida: Tabela de depósitos atualizada.
2025-06-20 10:18:17,355 - INFO - Mensagem de status exibida: Formulário de depósito limpo.
2025-06-20 10:18:23,114 - INFO - Mensagem de status exibida: Depósito cadastrado com sucesso!
2025-06-20 10:18:23,114 - INFO - Depósito 'almox' cadastrado com sucesso.
2025-06-20 10:18:23,117 - INFO - Depósitos carregados na tabela.
2025-06-20 10:18:23,117 - INFO - Mensagem de status exibida: Tabela de depósitos atualizada.
2025-06-20 10:18:23,128 - INFO - Mensagem de status exibida: Formulário de depósito limpo.
2025-06-20 10:18:25,398 - INFO - Mensagem de status exibida: Dados de fornecedores carregados.
2025-06-20 10:18:25,400 - INFO - Mensagem de status exibida: Tabela de itens atualizada.
2025-06-20 10:18:25,400 - INFO - Mensagem de status exibida: Formulário pronto para novo cadastro.
2025-06-20 10:18:40,331 - INFO - Mensagem de status exibida: Item cadastrado com sucesso!
2025-06-20 10:18:40,336 - INFO - Mensagem de status exibida: Tabela de itens atualizada.
2025-06-20 10:18:40,336 - INFO - Mensagem de status exibida: Formulário pronto para novo cadastro.
2025-06-20 10:18:43,918 - INFO - Estoque atual carregado na tabela de estoque geral.
2025-06-20 10:18:43,918 - INFO - Mensagem de status exibida: Tabela de estoque atualizada.
2025-06-20 10:18:45,734 - INFO - Itens carregados no combobox de entrada.
2025-06-20 10:18:45,737 - INFO - Depósitos carregados no combobox de entrada.
2025-06-20 10:18:45,739 - INFO - Estoque atual carregado na tabela de entrada.
2025-06-20 10:18:45,739 - INFO - Mensagem de status exibida: Tabela de estoque atualizada.
2025-06-20 10:18:45,739 - INFO - Formulário de entrada de estoque limpo.
2025-06-20 10:18:53,060 - INFO - Mensagem de status exibida: Entrada de estoque registrada com sucesso!
2025-06-20 10:18:53,060 - INFO - Entrada registrada: Item ID 1, Qtd 100, Depósito ID 1.
2025-06-20 10:18:53,065 - INFO - Estoque atual carregado na tabela de entrada.
2025-06-20 10:18:53,065 - INFO - Mensagem de status exibida: Tabela de estoque atualizada.
2025-06-20 10:18:53,067 - INFO - Formulário de entrada de estoque limpo.
2025-06-20 10:20:23,684 - INFO - Saída de 10 unidades de 'parafuso' do 'almox' para 'cris' registrada.
2025-06-20 10:20:23,702 - INFO - Formulário de saída de estoque limpo.
2025-06-20 10:20:44,925 - INFO - QRCodeScanner inicializado.
2025-06-20 10:20:44,943 - INFO - Scanner de QR Code iniciado.
2025-06-20 10:20:45,082 - CRITICAL - Não foi possível abrir a câmera. Verifique se ela está conectada e não está em uso.
2025-06-20 10:20:45,083 - INFO - Recursos da câmera liberados.
2025-06-20 10:20:46,771 - ERROR - Erro no scanner de QR Code: Não foi possível abrir a câmera. Verifique se ela está conectada e não está em uso.
2025-06-20 10:20:46,774 - INFO - Diálogo do scanner de QR Code fechado com resultado: 0
2025-06-20 10:20:50,197 - INFO - Ferramentas carregadas na tabela.
2025-06-20 10:20:50,197 - INFO - Mensagem de status exibida: Tabela de ferramentas atualizada.
2025-06-20 10:20:50,197 - INFO - Formulário de ferramenta limpo.
2025-06-20 10:21:01,755 - INFO - Mensagem de status exibida: Ferramenta cadastrada com sucesso!
2025-06-20 10:21:01,755 - INFO - Nova ferramenta cadastrada: chave (ID: 1)
2025-06-20 10:21:01,775 - INFO - Ferramentas carregadas na tabela.
2025-06-20 10:21:01,775 - INFO - Mensagem de status exibida: Tabela de ferramentas atualizada.
2025-06-20 10:21:01,775 - INFO - Formulário de ferramenta limpo.
2025-06-20 10:21:03,888 - INFO - Mensagem de status exibida: Dados de ferramentas e técnicos carregados.
2025-06-20 10:21:03,890 - INFO - Tabela de empréstimos de ferramentas atualizada.
2025-06-20 10:21:03,890 - INFO - Mensagem de status exibida: Tabela de empréstimos de ferramentas atualizada.
2025-06-20 10:21:03,897 - INFO - Mensagem de status exibida: Formulário de empréstimo limpo.
2025-06-20 10:21:10,898 - INFO - Mensagem de status exibida: Ferramenta 'chave' não disponível para empréstimo.
2025-06-20 10:21:20,876 - INFO - Mensagem de status exibida: Dados para filtros carregados.
2025-06-20 10:21:20,883 - INFO - Mensagem de status exibida: Relatório gerado com 2 registros.
2025-06-20 10:21:24,811 - INFO - Mensagem de status exibida: Relatório gerado: 1 registros.
2025-06-20 10:21:24,819 - INFO - Mensagem de status exibida: Relatório gerado: 1 registros.
2025-06-20 10:21:28,025 - INFO - Dados iniciais carregados para filtros de logs de auditoria.
2025-06-20 10:21:28,025 - INFO - Mensagem de status exibida: Dados de filtros de auditoria carregados.
2025-06-20 10:21:28,027 - INFO - Mensagem de status exibida: Relatório de auditoria gerado: 3 registros.
2025-06-20 10:21:28,027 - INFO - Relatório de auditoria gerado de 2025-05-20 a 2025-06-20.
2025-06-20 10:23:26,043 - INFO - Mensagem de status exibida: Dados de ferramentas e técnicos carregados.
2025-06-20 10:23:26,045 - INFO - Tabela de empréstimos de ferramentas atualizada.
2025-06-20 10:23:26,045 - INFO - Mensagem de status exibida: Tabela de empréstimos de ferramentas atualizada.
2025-06-20 10:23:26,054 - INFO - Mensagem de status exibida: Formulário de empréstimo limpo.
2025-06-20 10:23:35,362 - INFO - Mensagem de status exibida: Ferramenta 'chave' não disponível para empréstimo.
2025-06-20 10:29:49,783 - WARNING - Ícone não encontrado: C:\Users\lgrinchpum\Desktop\teste\casa\ferramenta\com ferramenta\icons\stock_general.png
2025-06-20 10:29:49,785 - WARNING - Ícone não encontrado: C:\Users\lgrinchpum\Desktop\teste\casa\ferramenta\com ferramenta\icons\stock_in.png
2025-06-20 10:29:49,785 - WARNING - Ícone não encontrado: C:\Users\lgrinchpum\Desktop\teste\casa\ferramenta\com ferramenta\icons\stock_out.png
2025-06-20 10:29:49,785 - WARNING - Ícone não encontrado: C:\Users\lgrinchpum\Desktop\teste\casa\ferramenta\com ferramenta\icons\item_register.png
2025-06-20 10:29:49,785 - WARNING - Ícone não encontrado: C:\Users\lgrinchpum\Desktop\teste\casa\ferramenta\com ferramenta\icons\deposit_register.png
2025-06-20 10:29:49,785 - WARNING - Ícone não encontrado: C:\Users\lgrinchpum\Desktop\teste\casa\ferramenta\com ferramenta\icons\supplier_register.png
2025-06-20 10:29:49,786 - WARNING - Ícone não encontrado: C:\Users\lgrinchpum\Desktop\teste\casa\ferramenta\com ferramenta\icons\technician_register.png
2025-06-20 10:29:49,786 - WARNING - Ícone não encontrado: C:\Users\lgrinchpum\Desktop\teste\casa\ferramenta\com ferramenta\icons\tool_register.png
2025-06-20 10:29:49,786 - WARNING - Ícone não encontrado: C:\Users\lgrinchpum\Desktop\teste\casa\ferramenta\com ferramenta\icons\tool_loan.png
2025-06-20 10:29:49,786 - WARNING - Ícone não encontrado: C:\Users\lgrinchpum\Desktop\teste\casa\ferramenta\com ferramenta\icons\report_movement.png
2025-06-20 10:29:49,786 - WARNING - Ícone não encontrado: C:\Users\lgrinchpum\Desktop\teste\casa\ferramenta\com ferramenta\icons\report_consumption.png
2025-06-20 10:29:49,786 - WARNING - Ícone não encontrado: C:\Users\lgrinchpum\Desktop\teste\casa\ferramenta\com ferramenta\icons\audit_log.png
2025-06-20 10:29:49,786 - WARNING - Ícone não encontrado: C:\Users\lgrinchpum\Desktop\teste\casa\ferramenta\com ferramenta\icons\exit.png
2025-06-20 10:29:49,881 - INFO - Stylesheet 'style.qss' aplicado com sucesso.
2025-06-20 10:29:49,897 - INFO - Mensagem de status exibida: Sistema de Almoxarifado iniciado.
2025-06-20 10:29:54,906 - INFO - Mensagem de status exibida: Tabela de ferramentas atualizada.
2025-06-20 10:30:04,255 - INFO - Mensagem de status exibida: Tabela de ferramentas atualizada.
2025-06-20 10:30:16,671 - INFO - Técnicos carregados na tabela.
2025-06-20 10:30:16,671 - INFO - Mensagem de status exibida: Tabela de técnicos atualizada.
2025-06-20 10:30:16,682 - INFO - Mensagem de status exibida: Formulário de técnico limpo.
2025-06-20 10:30:27,370 - INFO - Mensagem de status exibida: Técnico cadastrado com sucesso!
2025-06-20 10:30:27,370 - INFO - Técnico 'cris' (M3.1) cadastrado com sucesso.
2025-06-20 10:30:27,372 - INFO - Técnicos carregados na tabela.
2025-06-20 10:30:27,373 - INFO - Mensagem de status exibida: Tabela de técnicos atualizada.
2025-06-20 10:30:27,384 - INFO - Mensagem de status exibida: Formulário de técnico limpo.
2025-06-20 10:31:48,051 - INFO - Mensagem de status exibida: Dados de fornecedores carregados.
2025-06-20 10:31:48,053 - INFO - Mensagem de status exibida: Tabela de itens atualizada.
2025-06-20 10:31:48,054 - INFO - Mensagem de status exibida: Formulário pronto para novo cadastro.
2025-06-20 10:31:51,893 - INFO - Estoque atual carregado na tabela de estoque geral.
2025-06-20 10:31:51,893 - INFO - Mensagem de status exibida: Tabela de estoque atualizada.
2025-06-20 10:31:55,075 - INFO - Mensagem de status exibida: Dados de fornecedores carregados.
2025-06-20 10:31:55,078 - INFO - Mensagem de status exibida: Tabela de itens atualizada.
2025-06-20 10:31:55,078 - INFO - Mensagem de status exibida: Formulário pronto para novo cadastro.
2025-06-20 10:31:57,651 - INFO - Fornecedores carregados na tabela.
2025-06-20 10:31:57,651 - INFO - Mensagem de status exibida: Tabela de fornecedores atualizada.
2025-06-20 10:31:57,657 - INFO - Mensagem de status exibida: Formulário de fornecedor limpo.
2025-06-20 10:32:05,587 - INFO - Mensagem de status exibida: Fornecedor cadastrado com sucesso!
2025-06-20 10:32:05,587 - INFO - Fornecedor a cadastrado com sucesso.
2025-06-20 10:32:05,590 - INFO - Fornecedores carregados na tabela.
2025-06-20 10:32:05,590 - INFO - Mensagem de status exibida: Tabela de fornecedores atualizada.
2025-06-20 10:32:05,600 - INFO - Mensagem de status exibida: Formulário de fornecedor limpo.
2025-06-20 10:32:07,776 - INFO - Mensagem de status exibida: Dados de fornecedores carregados.
2025-06-20 10:32:07,777 - INFO - Mensagem de status exibida: Tabela de itens atualizada.
2025-06-20 10:32:07,778 - INFO - Mensagem de status exibida: Formulário pronto para novo cadastro.
2025-06-20 10:32:21,657 - INFO - Mensagem de status exibida: Item cadastrado com sucesso!
2025-06-20 10:32:21,661 - INFO - Mensagem de status exibida: Tabela de itens atualizada.
2025-06-20 10:32:21,662 - INFO - Mensagem de status exibida: Formulário pronto para novo cadastro.
2025-06-20 10:32:28,358 - INFO - Itens carregados no combobox de entrada.
2025-06-20 10:32:28,362 - INFO - Depósitos carregados no combobox de entrada.
2025-06-20 10:32:28,363 - INFO - Estoque atual carregado na tabela de entrada.
2025-06-20 10:32:28,363 - INFO - Mensagem de status exibida: Tabela de estoque atualizada.
2025-06-20 10:32:28,363 - INFO - Formulário de entrada de estoque limpo.
2025-06-20 10:32:31,722 - INFO - Mensagem de status exibida: Dados de fornecedores carregados.
2025-06-20 10:32:31,725 - INFO - Mensagem de status exibida: Tabela de itens atualizada.
2025-06-20 10:32:31,725 - INFO - Mensagem de status exibida: Formulário pronto para novo cadastro.
2025-06-20 10:32:32,595 - INFO - Mensagem de status exibida: Item 'parafuso' selecionado.
2025-06-20 11:09:39,177 - INFO - Fornecedores carregados na tabela.
2025-06-20 11:09:45,335 - INFO - Fornecedor a cadastrado com sucesso.
2025-06-20 11:09:45,339 - INFO - Fornecedores carregados na tabela.
2025-06-20 11:09:49,515 - INFO - Técnicos carregados na tabela.
2025-06-20 11:13:12,106 - ERROR - Falha ao atualizar dashboard: module 'database_manager' has no attribute 'get_itens_abaixo_do_minimo'
2025-06-20 11:13:42,119 - ERROR - Falha ao atualizar dashboard: module 'database_manager' has no attribute 'get_itens_abaixo_do_minimo'
2025-06-20 11:14:12,104 - ERROR - Falha ao atualizar dashboard: module 'database_manager' has no attribute 'get_itens_abaixo_do_minimo'
2025-06-20 11:20:25,852 - ERROR - Falha ao atualizar dashboard: module 'database_manager' has no attribute 'get_itens_abaixo_do_minimo'
2025-06-20 11:20:55,843 - ERROR - Falha ao atualizar dashboard: module 'database_manager' has no attribute 'get_itens_abaixo_do_minimo'
2025-06-20 11:23:34,919 - INFO - Estoque atual carregado na tabela de estoque geral.
2025-06-20 11:23:36,996 - INFO - Itens carregados no combobox de entrada.
2025-06-20 11:23:37,000 - INFO - Depósitos carregados no combobox de entrada.
2025-06-20 11:23:37,001 - INFO - Estoque atual carregado na tabela de entrada.
2025-06-20 11:23:37,001 - INFO - Formulário de entrada de estoque limpo.
2025-06-20 11:24:06,528 - INFO - Itens carregados no combobox de entrada.
2025-06-20 11:24:06,531 - INFO - Depósitos carregados no combobox de entrada.
2025-06-20 11:24:06,533 - INFO - Estoque atual carregado na tabela de entrada.
2025-06-20 11:24:06,533 - INFO - Formulário de entrada de estoque limpo.
2025-06-20 11:24:15,629 - INFO - Depósitos carregados na tabela.
2025-06-20 11:24:22,380 - INFO - Depósito 'almox' cadastrado com sucesso.
2025-06-20 11:24:22,383 - INFO - Depósitos carregados na tabela.
2025-06-20 11:24:29,565 - INFO - Itens carregados no combobox de entrada.
2025-06-20 11:24:29,568 - INFO - Depósitos carregados no combobox de entrada.
2025-06-20 11:24:29,570 - INFO - Estoque atual carregado na tabela de entrada.
2025-06-20 11:24:29,570 - INFO - Formulário de entrada de estoque limpo.
2025-06-20 11:25:22,662 - INFO - Entrada registrada: Item ID 2, Qtd 50, Depósito ID 1.
2025-06-20 11:25:22,672 - INFO - Estoque atual carregado na tabela de entrada.
2025-06-20 11:25:22,674 - INFO - Formulário de entrada de estoque limpo.
2025-06-20 11:48:14,494 - INFO - Estoque atual carregado na tabela de estoque geral.
2025-06-20 11:57:14,181 - INFO - Relatório de auditoria gerado de 2025-05-20 a 2025-06-20.
2025-06-20 11:57:17,797 - INFO - Relatório de auditoria gerado de 2025-05-20 a 2025-06-20.
2025-06-20 13:50:21,081 - INFO - QR Code detectado: PAR1
2025-06-20 13:50:37,000 - INFO - QR Code detectado: PAR1
2025-06-20 13:51:18,318 - INFO - QR Code detectado: PAR1
2025-06-20 14:18:16,699 - WARNING - Ícone não encontrado: C:\Users\lgrinchpum\Desktop\teste\casa\ferramenta\com ferramenta\icons\stock_general.png
2025-06-20 14:18:16,700 - WARNING - Ícone não encontrado: C:\Users\lgrinchpum\Desktop\teste\casa\ferramenta\com ferramenta\icons\stock_in.png
2025-06-20 14:18:16,700 - WARNING - Ícone não encontrado: C:\Users\lgrinchpum\Desktop\teste\casa\ferramenta\com ferramenta\icons\stock_out.png
2025-06-20 14:18:16,700 - WARNING - Ícone não encontrado: C:\Users\lgrinchpum\Desktop\teste\casa\ferramenta\com ferramenta\icons\inventory.png
2025-06-20 14:18:16,700 - WARNING - Ícone não encontrado: C:\Users\lgrinchpum\Desktop\teste\casa\ferramenta\com ferramenta\icons\tool_loan.png
2025-06-20 14:18:16,700 - WARNING - Ícone não encontrado: C:\Users\lgrinchpum\Desktop\teste\casa\ferramenta\com ferramenta\icons\report_abc.png
2025-06-20 14:18:16,700 - WARNING - Ícone não encontrado: C:\Users\lgrinchpum\Desktop\teste\casa\ferramenta\com ferramenta\icons\report_low_stock.png
2025-06-20 14:18:16,701 - WARNING - Ícone não encontrado: C:\Users\lgrinchpum\Desktop\teste\casa\ferramenta\com ferramenta\icons\report_movement.png
2025-06-20 14:18:16,701 - WARNING - Ícone não encontrado: C:\Users\lgrinchpum\Desktop\teste\casa\ferramenta\com ferramenta\icons\audit_log.png
2025-06-20 14:18:16,701 - WARNING - Ícone não encontrado: C:\Users\lgrinchpum\Desktop\teste\casa\ferramenta\com ferramenta\icons\item_register.png
2025-06-20 14:18:16,701 - WARNING - Ícone não encontrado: C:\Users\lgrinchpum\Desktop\teste\casa\ferramenta\com ferramenta\icons\tool_register.png
2025-06-20 14:18:16,701 - WARNING - Ícone não encontrado: C:\Users\lgrinchpum\Desktop\teste\casa\ferramenta\com ferramenta\icons\deposit_register.png
2025-06-20 14:18:16,701 - WARNING - Ícone não encontrado: C:\Users\lgrinchpum\Desktop\teste\casa\ferramenta\com ferramenta\icons\supplier_register.png
2025-06-20 14:18:16,701 - WARNING - Ícone não encontrado: C:\Users\lgrinchpum\Desktop\teste\casa\ferramenta\com ferramenta\icons\technician_register.png
2025-06-20 14:18:16,701 - WARNING - Ícone não encontrado: C:\Users\lgrinchpum\Desktop\teste\casa\ferramenta\com ferramenta\icons\exit.png
2025-06-20 14:24:28,536 - WARNING - Ícone não encontrado: C:\Users\lgrinchpum\Desktop\teste\casa\ferramenta\com ferramenta\icons\stock_general.png
2025-06-20 14:24:28,537 - WARNING - Ícone não encontrado: C:\Users\lgrinchpum\Desktop\teste\casa\ferramenta\com ferramenta\icons\stock_in.png
2025-06-20 14:24:28,537 - WARNING - Ícone não encontrado: C:\Users\lgrinchpum\Desktop\teste\casa\ferramenta\com ferramenta\icons\stock_out.png
2025-06-20 14:24:28,537 - WARNING - Ícone não encontrado: C:\Users\lgrinchpum\Desktop\teste\casa\ferramenta\com ferramenta\icons\inventory.png
2025-06-20 14:24:28,537 - WARNING - Ícone não encontrado: C:\Users\lgrinchpum\Desktop\teste\casa\ferramenta\com ferramenta\icons\tool_loan.png
2025-06-20 14:24:28,537 - WARNING - Ícone não encontrado: C:\Users\lgrinchpum\Desktop\teste\casa\ferramenta\com ferramenta\icons\report_abc.png
2025-06-20 14:24:28,537 - WARNING - Ícone não encontrado: C:\Users\lgrinchpum\Desktop\teste\casa\ferramenta\com ferramenta\icons\report_low_stock.png
2025-06-20 14:24:28,537 - WARNING - Ícone não encontrado: C:\Users\lgrinchpum\Desktop\teste\casa\ferramenta\com ferramenta\icons\report_movement.png
2025-06-20 14:24:28,537 - WARNING - Ícone não encontrado: C:\Users\lgrinchpum\Desktop\teste\casa\ferramenta\com ferramenta\icons\audit_log.png
2025-06-20 14:24:28,538 - WARNING - Ícone não encontrado: C:\Users\lgrinchpum\Desktop\teste\casa\ferramenta\com ferramenta\icons\item_register.png
2025-06-20 14:24:28,538 - WARNING - Ícone não encontrado: C:\Users\lgrinchpum\Desktop\teste\casa\ferramenta\com ferramenta\icons\tool_register.png
2025-06-20 14:24:28,538 - WARNING - Ícone não encontrado: C:\Users\lgrinchpum\Desktop\teste\casa\ferramenta\com ferramenta\icons\deposit_register.png
2025-06-20 14:24:28,538 - WARNING - Ícone não encontrado: C:\Users\lgrinchpum\Desktop\teste\casa\ferramenta\com ferramenta\icons\supplier_register.png
2025-06-20 14:24:28,538 - WARNING - Ícone não encontrado: C:\Users\lgrinchpum\Desktop\teste\casa\ferramenta\com ferramenta\icons\technician_register.png
2025-06-20 14:24:28,538 - WARNING - Ícone não encontrado: C:\Users\lgrinchpum\Desktop\teste\casa\ferramenta\com ferramenta\icons\exit.png
2025-06-20 14:29:12,732 - WARNING - Ícone não encontrado: C:\Users\lgrinchpum\Desktop\teste\casa\ferramenta\com ferramenta\icons\stock_general.png
2025-06-20 14:29:12,732 - WARNING - Ícone não encontrado: C:\Users\lgrinchpum\Desktop\teste\casa\ferramenta\com ferramenta\icons\stock_in.png
2025-06-20 14:29:12,733 - WARNING - Ícone não encontrado: C:\Users\lgrinchpum\Desktop\teste\casa\ferramenta\com ferramenta\icons\stock_out.png
2025-06-20 14:29:12,733 - WARNING - Ícone não encontrado: C:\Users\lgrinchpum\Desktop\teste\casa\ferramenta\com ferramenta\icons\inventory.png
2025-06-20 14:29:12,733 - WARNING - Ícone não encontrado: C:\Users\lgrinchpum\Desktop\teste\casa\ferramenta\com ferramenta\icons\tool_loan.png
2025-06-20 14:29:12,733 - WARNING - Ícone não encontrado: C:\Users\lgrinchpum\Desktop\teste\casa\ferramenta\com ferramenta\icons\report_abc.png
2025-06-20 14:29:12,733 - WARNING - Ícone não encontrado: C:\Users\lgrinchpum\Desktop\teste\casa\ferramenta\com ferramenta\icons\report_low_stock.png
2025-06-20 14:29:12,733 - WARNING - Ícone não encontrado: C:\Users\lgrinchpum\Desktop\teste\casa\ferramenta\com ferramenta\icons\report_movement.png
2025-06-20 14:29:12,733 - WARNING - Ícone não encontrado: C:\Users\lgrinchpum\Desktop\teste\casa\ferramenta\com ferramenta\icons\audit_log.png
2025-06-20 14:29:12,733 - WARNING - Ícone não encontrado: C:\Users\lgrinchpum\Desktop\teste\casa\ferramenta\com ferramenta\icons\item_register.png
2025-06-20 14:29:12,733 - WARNING - Ícone não encontrado: C:\Users\lgrinchpum\Desktop\teste\casa\ferramenta\com ferramenta\icons\tool_register.png
2025-06-20 14:29:12,733 - WARNING - Ícone não encontrado: C:\Users\lgrinchpum\Desktop\teste\casa\ferramenta\com ferramenta\icons\deposit_register.png
2025-06-20 14:29:12,734 - WARNING - Ícone não encontrado: C:\Users\lgrinchpum\Desktop\teste\casa\ferramenta\com ferramenta\icons\supplier_register.png
2025-06-20 14:29:12,734 - WARNING - Ícone não encontrado: C:\Users\lgrinchpum\Desktop\teste\casa\ferramenta\com ferramenta\icons\technician_register.png
2025-06-20 14:29:12,734 - WARNING - Ícone não encontrado: C:\Users\lgrinchpum\Desktop\teste\casa\ferramenta\com ferramenta\icons\exit.png
2025-06-20 14:29:43,319 - WARNING - Ícone não encontrado: C:\Users\lgrinchpum\Desktop\teste\casa\ferramenta\com ferramenta\icons\stock_general.png
2025-06-20 14:29:43,320 - WARNING - Ícone não encontrado: C:\Users\lgrinchpum\Desktop\teste\casa\ferramenta\com ferramenta\icons\stock_in.png
2025-06-20 14:29:43,320 - WARNING - Ícone não encontrado: C:\Users\lgrinchpum\Desktop\teste\casa\ferramenta\com ferramenta\icons\stock_out.png
2025-06-20 14:29:43,320 - WARNING - Ícone não encontrado: C:\Users\lgrinchpum\Desktop\teste\casa\ferramenta\com ferramenta\icons\inventory.png
2025-06-20 14:29:43,320 - WARNING - Ícone não encontrado: C:\Users\lgrinchpum\Desktop\teste\casa\ferramenta\com ferramenta\icons\tool_loan.png
2025-06-20 14:29:43,320 - WARNING - Ícone não encontrado: C:\Users\lgrinchpum\Desktop\teste\casa\ferramenta\com ferramenta\icons\report_abc.png
2025-06-20 14:29:43,320 - WARNING - Ícone não encontrado: C:\Users\lgrinchpum\Desktop\teste\casa\ferramenta\com ferramenta\icons\report_low_stock.png
2025-06-20 14:29:43,320 - WARNING - Ícone não encontrado: C:\Users\lgrinchpum\Desktop\teste\casa\ferramenta\com ferramenta\icons\report_movement.png
2025-06-20 14:29:43,320 - WARNING - Ícone não encontrado: C:\Users\lgrinchpum\Desktop\teste\casa\ferramenta\com ferramenta\icons\audit_log.png
2025-06-20 14:29:43,320 - WARNING - Ícone não encontrado: C:\Users\lgrinchpum\Desktop\teste\casa\ferramenta\com ferramenta\icons\item_register.png
2025-06-20 14:29:43,321 - WARNING - Ícone não encontrado: C:\Users\lgrinchpum\Desktop\teste\casa\ferramenta\com ferramenta\icons\tool_register.png
2025-06-20 14:29:43,321 - WARNING - Ícone não encontrado: C:\Users\lgrinchpum\Desktop\teste\casa\ferramenta\com ferramenta\icons\deposit_register.png
2025-06-20 14:29:43,321 - WARNING - Ícone não encontrado: C:\Users\lgrinchpum\Desktop\teste\casa\ferramenta\com ferramenta\icons\supplier_register.png
2025-06-20 14:29:43,321 - WARNING - Ícone não encontrado: C:\Users\lgrinchpum\Desktop\teste\casa\ferramenta\com ferramenta\icons\technician_register.png
2025-06-20 14:29:43,321 - WARNING - Ícone não encontrado: C:\Users\lgrinchpum\Desktop\teste\casa\ferramenta\com ferramenta\icons\exit.png
2025-06-20 14:31:50,304 - WARNING - Ícone não encontrado: C:\Users\lgrinchpum\Desktop\teste\casa\ferramenta\com ferramenta\icons\stock_general.png
2025-06-20 14:31:50,304 - WARNING - Ícone não encontrado: C:\Users\lgrinchpum\Desktop\teste\casa\ferramenta\com ferramenta\icons\stock_in.png
2025-06-20 14:31:50,305 - WARNING - Ícone não encontrado: C:\Users\lgrinchpum\Desktop\teste\casa\ferramenta\com ferramenta\icons\stock_out.png
2025-06-20 14:31:50,305 - WARNING - Ícone não encontrado: C:\Users\lgrinchpum\Desktop\teste\casa\ferramenta\com ferramenta\icons\inventory.png
2025-06-20 14:31:50,305 - WARNING - Ícone não encontrado: C:\Users\lgrinchpum\Desktop\teste\casa\ferramenta\com ferramenta\icons\tool_loan.png
2025-06-20 14:31:50,305 - WARNING - Ícone não encontrado: C:\Users\lgrinchpum\Desktop\teste\casa\ferramenta\com ferramenta\icons\report_abc.png
2025-06-20 14:31:50,305 - WARNING - Ícone não encontrado: C:\Users\lgrinchpum\Desktop\teste\casa\ferramenta\com ferramenta\icons\report_low_stock.png
2025-06-20 14:31:50,305 - WARNING - Ícone não encontrado: C:\Users\lgrinchpum\Desktop\teste\casa\ferramenta\com ferramenta\icons\report_movement.png
2025-06-20 14:31:50,305 - WARNING - Ícone não encontrado: C:\Users\lgrinchpum\Desktop\teste\casa\ferramenta\com ferramenta\icons\audit_log.png
2025-06-20 14:31:50,305 - WARNING - Ícone não encontrado: C:\Users\lgrinchpum\Desktop\teste\casa\ferramenta\com ferramenta\icons\item_register.png
2025-06-20 14:31:50,305 - WARNING - Ícone não encontrado: C:\Users\lgrinchpum\Desktop\teste\casa\ferramenta\com ferramenta\icons\tool_register.png
2025-06-20 14:31:50,306 - WARNING - Ícone não encontrado: C:\Users\lgrinchpum\Desktop\teste\casa\ferramenta\com ferramenta\icons\deposit_register.png
2025-06-20 14:31:50,306 - WARNING - Ícone não encontrado: C:\Users\lgrinchpum\Desktop\teste\casa\ferramenta\com ferramenta\icons\supplier_register.png
2025-06-20 14:31:50,306 - WARNING - Ícone não encontrado: C:\Users\lgrinchpum\Desktop\teste\casa\ferramenta\com ferramenta\icons\technician_register.png
2025-06-20 14:31:50,306 - WARNING - Ícone não encontrado: C:\Users\lgrinchpum\Desktop\teste\casa\ferramenta\com ferramenta\icons\exit.png
2025-06-20 14:32:28,289 - WARNING - Ícone não encontrado: C:\Users\lgrinchpum\Desktop\teste\casa\ferramenta\com ferramenta\icons\stock_general.png
2025-06-20 14:32:28,289 - WARNING - Ícone não encontrado: C:\Users\lgrinchpum\Desktop\teste\casa\ferramenta\com ferramenta\icons\stock_in.png
2025-06-20 14:32:28,289 - WARNING - Ícone não encontrado: C:\Users\lgrinchpum\Desktop\teste\casa\ferramenta\com ferramenta\icons\stock_out.png
2025-06-20 14:32:28,289 - WARNING - Ícone não encontrado: C:\Users\lgrinchpum\Desktop\teste\casa\ferramenta\com ferramenta\icons\inventory.png
2025-06-20 14:32:28,289 - WARNING - Ícone não encontrado: C:\Users\lgrinchpum\Desktop\teste\casa\ferramenta\com ferramenta\icons\tool_loan.png
2025-06-20 14:32:28,290 - WARNING - Ícone não encontrado: C:\Users\lgrinchpum\Desktop\teste\casa\ferramenta\com ferramenta\icons\report_abc.png
2025-06-20 14:32:28,290 - WARNING - Ícone não encontrado: C:\Users\lgrinchpum\Desktop\teste\casa\ferramenta\com ferramenta\icons\report_low_stock.png
2025-06-20 14:32:28,290 - WARNING - Ícone não encontrado: C:\Users\lgrinchpum\Desktop\teste\casa\ferramenta\com ferramenta\icons\report_movement.png
2025-06-20 14:32:28,290 - WARNING - Ícone não encontrado: C:\Users\lgrinchpum\Desktop\teste\casa\ferramenta\com ferramenta\icons\audit_log.png
2025-06-20 14:32:28,290 - WARNING - Ícone não encontrado: C:\Users\lgrinchpum\Desktop\teste\casa\ferramenta\com ferramenta\icons\item_register.png
2025-06-20 14:32:28,290 - WARNING - Ícone não encontrado: C:\Users\lgrinchpum\Desktop\teste\casa\ferramenta\com ferramenta\icons\tool_register.png
2025-06-20 14:32:28,290 - WARNING - Ícone não encontrado: C:\Users\lgrinchpum\Desktop\teste\casa\ferramenta\com ferramenta\icons\deposit_register.png
2025-06-20 14:32:28,290 - WARNING - Ícone não encontrado: C:\Users\lgrinchpum\Desktop\teste\casa\ferramenta\com ferramenta\icons\supplier_register.png
2025-06-20 14:32:28,290 - WARNING - Ícone não encontrado: C:\Users\lgrinchpum\Desktop\teste\casa\ferramenta\com ferramenta\icons\technician_register.png
2025-06-20 14:32:28,290 - WARNING - Ícone não encontrado: C:\Users\lgrinchpum\Desktop\teste\casa\ferramenta\com ferramenta\icons\exit.png
2025-06-20 14:35:19,861 - WARNING - Ícone não encontrado: C:\Users\lgrinchpum\Desktop\teste\casa\ferramenta\com ferramenta\icons\stock_general.png
2025-06-20 14:35:19,862 - WARNING - Ícone não encontrado: C:\Users\lgrinchpum\Desktop\teste\casa\ferramenta\com ferramenta\icons\stock_in.png
2025-06-20 14:35:19,862 - WARNING - Ícone não encontrado: C:\Users\lgrinchpum\Desktop\teste\casa\ferramenta\com ferramenta\icons\stock_out.png
2025-06-20 14:35:19,862 - WARNING - Ícone não encontrado: C:\Users\lgrinchpum\Desktop\teste\casa\ferramenta\com ferramenta\icons\inventory.png
2025-06-20 14:35:19,862 - WARNING - Ícone não encontrado: C:\Users\lgrinchpum\Desktop\teste\casa\ferramenta\com ferramenta\icons\tool_loan.png
2025-06-20 14:35:19,862 - WARNING - Ícone não encontrado: C:\Users\lgrinchpum\Desktop\teste\casa\ferramenta\com ferramenta\icons\report_abc.png
2025-06-20 14:35:19,862 - WARNING - Ícone não encontrado: C:\Users\lgrinchpum\Desktop\teste\casa\ferramenta\com ferramenta\icons\report_low_stock.png
2025-06-20 14:35:19,862 - WARNING - Ícone não encontrado: C:\Users\lgrinchpum\Desktop\teste\casa\ferramenta\com ferramenta\icons\report_movement.png
2025-06-20 14:35:19,862 - WARNING - Ícone não encontrado: C:\Users\lgrinchpum\Desktop\teste\casa\ferramenta\com ferramenta\icons\audit_log.png
2025-06-20 14:35:19,862 - WARNING - Ícone não encontrado: C:\Users\lgrinchpum\Desktop\teste\casa\ferramenta\com ferramenta\icons\item_register.png
2025-06-20 14:35:19,862 - WARNING - Ícone não encontrado: C:\Users\lgrinchpum\Desktop\teste\casa\ferramenta\com ferramenta\icons\tool_register.png
2025-06-20 14:35:19,863 - WARNING - Ícone não encontrado: C:\Users\lgrinchpum\Desktop\teste\casa\ferramenta\com ferramenta\icons\deposit_register.png
2025-06-20 14:35:19,863 - WARNING - Ícone não encontrado: C:\Users\lgrinchpum\Desktop\teste\casa\ferramenta\com ferramenta\icons\supplier_register.png
2025-06-20 14:35:19,863 - WARNING - Ícone não encontrado: C:\Users\lgrinchpum\Desktop\teste\casa\ferramenta\com ferramenta\icons\technician_register.png
2025-06-20 14:35:19,863 - WARNING - Ícone não encontrado: C:\Users\lgrinchpum\Desktop\teste\casa\ferramenta\com ferramenta\icons\exit.png
2025-06-20 14:35:37,018 - INFO - Relatório de auditoria gerado de 2025-05-20 a 2025-06-20.
2025-06-20 14:36:25,116 - ERROR - Erro de conexão com o banco de dados: UNIQUE constraint failed: itens.codigo
2025-06-20 14:36:39,667 - INFO - Estoque atual carregado na tabela de estoque geral.
2025-06-20 14:36:41,755 - INFO - Itens carregados no combobox de entrada.
2025-06-20 14:36:41,758 - INFO - Depósitos carregados no combobox de entrada.
2025-06-20 14:36:41,762 - INFO - Estoque atual carregado na tabela de entrada.
2025-06-20 14:36:41,762 - INFO - Formulário de entrada de estoque limpo.
2025-06-20 14:36:51,018 - INFO - Entrada registrada: Item ID 3, Qtd 20000, Depósito ID 1.
2025-06-20 14:36:51,026 - INFO - Estoque atual carregado na tabela de entrada.
2025-06-20 14:36:51,028 - INFO - Formulário de entrada de estoque limpo.
2025-06-20 14:37:01,314 - INFO - Entrada registrada: Item ID 4, Qtd 10, Depósito ID 1.
2025-06-20 14:37:01,326 - INFO - Estoque atual carregado na tabela de entrada.
2025-06-20 14:37:01,328 - INFO - Formulário de entrada de estoque limpo.
2025-06-20 14:37:46,089 - INFO - Estoque atual carregado na tabela de estoque geral.
2025-06-20 14:45:33,776 - INFO - Fornecedores carregados na tabela.
2025-06-20 14:45:50,590 - INFO - Fornecedor Fornecedor de Teste ROP cadastrado com sucesso.
2025-06-20 14:45:50,592 - INFO - Fornecedores carregados na tabela.
2025-06-20 14:46:25,823 - INFO - Itens carregados no combobox de entrada.
2025-06-20 14:46:25,827 - INFO - Depósitos carregados no combobox de entrada.
2025-06-20 14:46:25,833 - INFO - Estoque atual carregado na tabela de entrada.
2025-06-20 14:46:25,834 - INFO - Formulário de entrada de estoque limpo.
2025-06-20 14:46:36,918 - INFO - Entrada registrada: Item ID 5, Qtd 100, Depósito ID 1.
2025-06-20 14:46:36,928 - INFO - Estoque atual carregado na tabela de entrada.
2025-06-20 14:46:36,930 - INFO - Formulário de entrada de estoque limpo.
2025-06-20 14:47:02,909 - INFO - Entrada registrada: Item ID 5, Qtd 100, Depósito ID 1.
2025-06-20 14:47:02,920 - INFO - Estoque atual carregado na tabela de entrada.
2025-06-20 14:47:02,922 - INFO - Formulário de entrada de estoque limpo.
2025-06-20 17:08:22,447 - ERROR - Erro de conexão com o banco de dados: no such table: fornecedores
2025-06-20 17:08:22,447 - ERROR - Erro de conexão com o banco de dados: no such table: fornecedores
2025-06-20 17:08:22,448 - ERROR - Erro de conexão com o banco de dados: no such table: depositos
2025-06-20 17:08:22,448 - ERROR - Erro de conexão com o banco de dados: no such table: depositos
2025-06-20 17:08:22,448 - ERROR - Erro de conexão com o banco de dados: no such table: fornecedores
2025-06-20 17:08:22,452 - ERROR - Erro de conexão com o banco de dados: no such table: fornecedores
2025-06-20 17:08:22,453 - ERROR - Erro de conexão com o banco de dados: no such table: fornecedores
2025-06-20 17:08:22,453 - ERROR - Erro de conexão com o banco de dados: no such table: depositos
2025-06-20 17:08:22,453 - ERROR - Erro de conexão com o banco de dados: no such table: depositos
2025-06-20 17:08:22,453 - ERROR - Erro de conexão com o banco de dados: no such table: fornecedores
2025-06-20 17:08:22,454 - ERROR - Erro de conexão com o banco de dados: no such table: fornecedores
2025-06-20 17:08:22,454 - ERROR - Erro de conexão com o banco de dados: no such table: fornecedores
2025-06-20 17:08:22,454 - ERROR - Erro de conexão com o banco de dados: no such table: depositos
2025-06-20 17:08:22,454 - ERROR - Erro de conexão com o banco de dados: no such table: depositos
2025-06-20 17:08:22,454 - ERROR - Erro de conexão com o banco de dados: no such table: fornecedores
2025-06-20 17:08:22,455 - ERROR - Erro de conexão com o banco de dados: no such table: fornecedores
2025-06-20 17:08:22,455 - ERROR - Erro de conexão com o banco de dados: no such table: fornecedores
2025-06-20 17:08:22,455 - ERROR - Erro de conexão com o banco de dados: no such table: depositos
2025-06-20 17:08:22,456 - ERROR - Erro de conexão com o banco de dados: no such table: depositos
2025-06-20 17:08:22,456 - ERROR - Erro de conexão com o banco de dados: no such table: fornecedores
2025-06-20 17:08:22,457 - ERROR - Erro de conexão com o banco de dados: no such table: fornecedores
2025-06-20 17:08:22,457 - ERROR - Erro de conexão com o banco de dados: no such table: fornecedores
2025-06-20 17:08:22,457 - ERROR - Erro de conexão com o banco de dados: no such table: depositos
2025-06-20 17:08:22,457 - ERROR - Erro de conexão com o banco de dados: no such table: depositos
2025-06-20 17:08:22,457 - ERROR - Erro de conexão com o banco de dados: no such table: fornecedores
2025-06-20 17:08:22,458 - ERROR - Erro de conexão com o banco de dados: no such table: fornecedores
2025-06-20 17:08:22,458 - ERROR - Erro de conexão com o banco de dados: no such table: fornecedores
2025-06-20 17:08:22,458 - ERROR - Erro de conexão com o banco de dados: no such table: depositos
2025-06-20 17:08:22,458 - ERROR - Erro de conexão com o banco de dados: no such table: depositos
2025-06-20 17:08:22,458 - ERROR - Erro de conexão com o banco de dados: no such table: fornecedores
2025-06-20 17:08:22,459 - ERROR - Erro de conexão com o banco de dados: no such table: fornecedores
2025-06-20 17:08:22,459 - ERROR - Erro de conexão com o banco de dados: no such table: fornecedores
2025-06-20 17:08:22,459 - ERROR - Erro de conexão com o banco de dados: no such table: depositos
2025-06-20 17:08:22,459 - ERROR - Erro de conexão com o banco de dados: no such table: depositos
2025-06-20 17:08:22,459 - ERROR - Erro de conexão com o banco de dados: no such table: fornecedores
2025-06-23 11:02:39,141 - WARNING - Ícone não encontrado: C:\Users\lgrinchpum\Desktop\teste\casa\ferramenta\com ferramenta\icons\stock_general.png
2025-06-23 11:02:39,142 - WARNING - Ícone não encontrado: C:\Users\lgrinchpum\Desktop\teste\casa\ferramenta\com ferramenta\icons\stock_in.png
2025-06-23 11:02:39,142 - WARNING - Ícone não encontrado: C:\Users\lgrinchpum\Desktop\teste\casa\ferramenta\com ferramenta\icons\stock_out.png
2025-06-23 11:02:39,143 - WARNING - Ícone não encontrado: C:\Users\lgrinchpum\Desktop\teste\casa\ferramenta\com ferramenta\icons\inventory.png
2025-06-23 11:02:39,143 - WARNING - Ícone não encontrado: C:\Users\lgrinchpum\Desktop\teste\casa\ferramenta\com ferramenta\icons\tool_loan.png
2025-06-23 11:02:39,143 - WARNING - Ícone não encontrado: C:\Users\lgrinchpum\Desktop\teste\casa\ferramenta\com ferramenta\icons\report_abc.png
2025-06-23 11:02:39,143 - WARNING - Ícone não encontrado: C:\Users\lgrinchpum\Desktop\teste\casa\ferramenta\com ferramenta\icons\report_low_stock.png
2025-06-23 11:02:39,143 - WARNING - Ícone não encontrado: C:\Users\lgrinchpum\Desktop\teste\casa\ferramenta\com ferramenta\icons\report_movement.png
2025-06-23 11:02:39,143 - WARNING - Ícone não encontrado: C:\Users\lgrinchpum\Desktop\teste\casa\ferramenta\com ferramenta\icons\audit_log.png
2025-06-23 11:02:39,143 - WARNING - Ícone não encontrado: C:\Users\lgrinchpum\Desktop\teste\casa\ferramenta\com ferramenta\icons\item_register.png
2025-06-23 11:02:39,143 - WARNING - Ícone não encontrado: C:\Users\lgrinchpum\Desktop\teste\casa\ferramenta\com ferramenta\icons\tool_register.png
2025-06-23 11:02:39,143 - WARNING - Ícone não encontrado: C:\Users\lgrinchpum\Desktop\teste\casa\ferramenta\com ferramenta\icons\deposit_register.png
2025-06-23 11:02:39,144 - WARNING - Ícone não encontrado: C:\Users\lgrinchpum\Desktop\teste\casa\ferramenta\com ferramenta\icons\supplier_register.png
2025-06-23 11:02:39,144 - WARNING - Ícone não encontrado: C:\Users\lgrinchpum\Desktop\teste\casa\ferramenta\com ferramenta\icons\technician_register.png
2025-06-23 11:02:39,144 - WARNING - Ícone não encontrado: C:\Users\lgrinchpum\Desktop\teste\casa\ferramenta\com ferramenta\icons\exit.png
2025-06-23 11:09:17,784 - WARNING - Ícone não encontrado: C:\Users\lgrinchpum\Desktop\teste\casa\ferramenta\com ferramenta\icons\stock_general.png
2025-06-23 11:09:17,785 - WARNING - Ícone não encontrado: C:\Users\lgrinchpum\Desktop\teste\casa\ferramenta\com ferramenta\icons\stock_in.png
2025-06-23 11:09:17,785 - WARNING - Ícone não encontrado: C:\Users\lgrinchpum\Desktop\teste\casa\ferramenta\com ferramenta\icons\stock_out.png
2025-06-23 11:09:17,785 - WARNING - Ícone não encontrado: C:\Users\lgrinchpum\Desktop\teste\casa\ferramenta\com ferramenta\icons\inventory.png
2025-06-23 11:09:17,786 - WARNING - Ícone não encontrado: C:\Users\lgrinchpum\Desktop\teste\casa\ferramenta\com ferramenta\icons\tool_loan.png
2025-06-23 11:09:17,786 - WARNING - Ícone não encontrado: C:\Users\lgrinchpum\Desktop\teste\casa\ferramenta\com ferramenta\icons\report_abc.png
2025-06-23 11:09:17,786 - WARNING - Ícone não encontrado: C:\Users\lgrinchpum\Desktop\teste\casa\ferramenta\com ferramenta\icons\report_low_stock.png
2025-06-23 11:09:17,786 - WARNING - Ícone não encontrado: C:\Users\lgrinchpum\Desktop\teste\casa\ferramenta\com ferramenta\icons\report_movement.png
2025-06-23 11:09:17,786 - WARNING - Ícone não encontrado: C:\Users\lgrinchpum\Desktop\teste\casa\ferramenta\com ferramenta\icons\audit_log.png
2025-06-23 11:09:17,786 - WARNING - Ícone não encontrado: C:\Users\lgrinchpum\Desktop\teste\casa\ferramenta\com ferramenta\icons\item_register.png
2025-06-23 11:09:17,786 - WARNING - Ícone não encontrado: C:\Users\lgrinchpum\Desktop\teste\casa\ferramenta\com ferramenta\icons\tool_register.png
2025-06-23 11:09:17,786 - WARNING - Ícone não encontrado: C:\Users\lgrinchpum\Desktop\teste\casa\ferramenta\com ferramenta\icons\deposit_register.png
2025-06-23 11:09:17,786 - WARNING - Ícone não encontrado: C:\Users\lgrinchpum\Desktop\teste\casa\ferramenta\com ferramenta\icons\supplier_register.png
2025-06-23 11:09:17,786 - WARNING - Ícone não encontrado: C:\Users\lgrinchpum\Desktop\teste\casa\ferramenta\com ferramenta\icons\technician_register.png
2025-06-23 11:09:17,787 - WARNING - Ícone não encontrado: C:\Users\lgrinchpum\Desktop\teste\casa\ferramenta\com ferramenta\icons\exit.png
2025-09-04 12:54:45,695 - ERROR - Erro de conexão com o banco de dados: no such table: fornecedores
2025-09-04 12:54:45,695 - ERROR - Erro de conexão com o banco de dados: no such table: fornecedores
2025-09-04 12:54:45,695 - ERROR - Erro de conexão com o banco de dados: no such table: depositos
2025-09-04 12:54:45,695 - ERROR - Erro de conexão com o banco de dados: no such table: depositos
2025-09-04 12:54:45,696 - ERROR - Erro de conexão com o banco de dados: no such table: fornecedores
2025-09-04 12:54:45,698 - ERROR - Erro de conexão com o banco de dados: no such table: fornecedores
2025-09-04 12:54:45,699 - ERROR - Erro de conexão com o banco de dados: no such table: fornecedores
2025-09-04 12:54:45,699 - ERROR - Erro de conexão com o banco de dados: no such table: depositos
2025-09-04 12:54:45,699 - ERROR - Erro de conexão com o banco de dados: no such table: depositos
2025-09-04 12:54:45,699 - ERROR - Erro de conexão com o banco de dados: no such table: fornecedores
2025-09-04 12:54:45,701 - ERROR - Erro de conexão com o banco de dados: no such table: fornecedores
2025-09-04 12:54:45,701 - ERROR - Erro de conexão com o banco de dados: no such table: fornecedores
2025-09-04 12:54:45,701 - ERROR - Erro de conexão com o banco de dados: no such table: depositos
2025-09-04 12:54:45,702 - ERROR - Erro de conexão com o banco de dados: no such table: depositos
2025-09-04 12:54:45,702 - ERROR - Erro de conexão com o banco de dados: no such table: fornecedores
2025-09-04 12:54:45,703 - ERROR - Erro de conexão com o banco de dados: no such table: fornecedores
2025-09-04 12:54:45,703 - ERROR - Erro de conexão com o banco de dados: no such table: fornecedores
2025-09-04 12:54:45,703 - ERROR - Erro de conexão com o banco de dados: no such table: depositos
2025-09-04 12:54:45,704 - ERROR - Erro de conexão com o banco de dados: no such table: depositos
2025-09-04 12:54:45,704 - ERROR - Erro de conexão com o banco de dados: no such table: fornecedores
2025-09-04 12:54:45,705 - ERROR - Erro de conexão com o banco de dados: no such table: fornecedores
2025-09-04 12:54:45,705 - ERROR - Erro de conexão com o banco de dados: no such table: fornecedores
2025-09-04 12:54:45,705 - ERROR - Erro de conexão com o banco de dados: no such table: depositos
2025-09-04 12:54:45,705 - ERROR - Erro de conexão com o banco de dados: no such table: depositos
2025-09-04 12:54:45,706 - ERROR - Erro de conexão com o banco de dados: no such table: fornecedores
2025-09-04 12:54:45,707 - ERROR - Erro de conexão com o banco de dados: no such table: fornecedores
2025-09-04 12:54:45,707 - ERROR - Erro de conexão com o banco de dados: no such table: fornecedores
2025-09-04 12:54:45,708 - ERROR - Erro de conexão com o banco de dados: no such table: depositos
2025-09-04 12:54:45,708 - ERROR - Erro de conexão com o banco de dados: no such table: depositos
2025-09-04 12:54:45,708 - ERROR - Erro de conexão com o banco de dados: no such table: fornecedores
2025-09-04 12:54:45,710 - ERROR - Erro de conexão com o banco de dados: no such table: fornecedores
2025-09-04 12:54:45,710 - ERROR - Erro de conexão com o banco de dados: no such table: fornecedores
2025-09-04 12:54:45,710 - ERROR - Erro de conexão com o banco de dados: no such table: depositos
2025-09-04 12:54:45,710 - ERROR - Erro de conexão com o banco de dados: no such table: depositos
2025-09-04 12:54:45,710 - ERROR - Erro de conexão com o banco de dados: no such table: fornecedores
2025-09-04 12:57:06,142 - ERROR - Erro de conexão com o banco de dados: UNIQUE constraint failed: itens.codigo
2025-09-04 12:58:58,126 - ERROR - Erro de conexão com o banco de dados: UNIQUE constraint failed: itens.codigo
2025-09-04 12:59:27,637 - ERROR - Erro de conexão com o banco de dados: UNIQUE constraint failed: itens.codigo
2025-09-04 13:00:11,008 - ERROR - Erro de conexão com o banco de dados: UNIQUE constraint failed: itens.codigo
2025-09-04 13:07:35,702 - ERROR - Erro de conexão com o banco de dados: UNIQUE constraint failed: itens.codigo
